System check identified no issues (0 silenced).
No changes detected
All checks passed!
Success: no issues found in 78 source files
..............................                                           [100%]
[manager]	WARNING	Test in comment: DRF is not a test name or id, ignoring
[manager]	WARNING	Test in comment: setting is not a test name or id, ignoring
[manager]	WARNING	Test in comment: not is not a test name or id, ignoring
[manager]	WARNING	Test in comment: a is not a test name or id, ignoring
[manager]	WARNING	Test in comment: password is not a test name or id, ignoring
[tester]	WARNING	nosec encountered (B105), but no failed test on file ./config/settings.py:116
[tester]	WARNING	nosec encountered (B105), but no failed test on file ./config/settings.py:117
[tester]	WARNING	nosec encountered (B105), but no failed test on file ./config/settings.py:118
[tester]	WARNING	nosec encountered (B105), but no failed test on file ./config/settings.py:119
[tester]	WARNING	nosec encountered (B105), but no failed test on file ./config/settings.py:120
[tester]	WARNING	nosec encountered (B105), but no failed test on file ./config/settings.py:121
[tester]	WARNING	nosec encountered (B105), but no failed test on file ./config/settings.py:118
[tester]	WARNING	nosec encountered (B105), but no failed test on file ./config/settings.py:119
[manager]	WARNING	Test in comment: OAuth is not a test name or id, ignoring
[manager]	WARNING	Test in comment: token is not a test name or id, ignoring
[manager]	WARNING	Test in comment: type is not a test name or id, ignoring
[tester]	WARNING	nosec encountered (B105), but no failed test on file ./identity/tokens.py:51
[tester]	WARNING	nosec encountered (B105), but no failed test on file ./identity/tokens.py:52
[tester]	WARNING	nosec encountered (B105), but no failed test on file ./identity/tokens.py:54
[tester]	WARNING	nosec encountered (B105), but no failed test on file ./identity/tokens.py:55
[tester]	WARNING	nosec encountered (B105), but no failed test on file ./identity/tokens.py:53
