
> bus-booking-web@0.1.0 lint
> eslint . --max-warnings=0


> bus-booking-web@0.1.0 typecheck
> tsc --noEmit


> bus-booking-web@0.1.0 build
> next build

▲ Next.js 16.2.10 (Turbopack)

  Creating an optimized production build ...
✓ Compiled successfully in 4.6s
  Running TypeScript ...
  Finished TypeScript in 2.1s ...
  Collecting page data using 10 workers ...
  Generating static pages using 10 workers (0/9) ...
  Generating static pages using 10 workers (2/9) 
  Generating static pages using 10 workers (4/9) 
  Generating static pages using 10 workers (6/9) 
✓ Generating static pages using 10 workers (9/9) in 650ms
  Finalizing page optimization ...

Route (app)
┌ ƒ /
├ ○ /_not-found
├ ƒ /login
├ ƒ /office
├ ƒ /office/fleet
├ ƒ /office/verification
├ ƒ /platform
└ ƒ /platform/catalog


○  (Static)   prerendered as static content
ƒ  (Dynamic)  server-rendered on demand

found 0 vulnerabilities
