
> bus-booking-web@0.1.0 build
> next build

▲ Next.js 16.2.10 (Turbopack)

  Creating an optimized production build ...
✓ Compiled successfully in 7.7s
  Running TypeScript ...
  Finished TypeScript in 2.8s ...
  Collecting page data using 18 workers ...
  Generating static pages using 18 workers (0/16) ...
  Generating static pages using 18 workers (4/16) 
  Generating static pages using 18 workers (8/16) 
  Generating static pages using 18 workers (12/16) 
✓ Generating static pages using 18 workers (16/16) in 697ms
  Finalizing page optimization ...

Route (app)
┌ ƒ /
├ ○ /_not-found
├ ƒ /login
├ ƒ /manage-booking
├ ƒ /office
├ ƒ /office/fleet
├ ƒ /office/payments
├ ƒ /office/refunds
├ ƒ /office/trips
├ ƒ /office/verification
├ ƒ /platform
├ ƒ /platform/catalog
├ ƒ /platform/policies
├ ƒ /platform/refunds
├ ƒ /search
└ ƒ /trips/[tripId]/seats


○  (Static)   prerendered as static content
ƒ  (Dynamic)  server-rendered on demand

