[21/Jul/2026 21:23:21] "GET /health/live HTTP/1.1" 200 43
[21/Jul/2026 21:23:21] "GET /health/live HTTP/1.1" 200 43
[21/Jul/2026 21:23:32] "GET /v1/public/locations HTTP/1.1" 200 265
[21/Jul/2026 21:23:32] "GET /health/live HTTP/1.1" 200 43
[21/Jul/2026 21:23:32] "GET /v1/public/locations HTTP/1.1" 200 265
[21/Jul/2026 21:23:32] "GET /health/live HTTP/1.1" 200 43
[21/Jul/2026 21:23:45] "GET /v1/public/trips/01KY38Z1ZPTMV9QS1846QRN3JE HTTP/1.1" 200 1250
[21/Jul/2026 21:23:45] "GET /v1/public/trips/01KY38Z1ZPTMV9QS1846QRN3JE/seats HTTP/1.1" 200 495
[21/Jul/2026 21:23:45] "GET /health/live HTTP/1.1" 200 43
[21/Jul/2026 21:23:50] "GET /v1/public/trips/01KY38Z1ZPTMV9QS1846QRN3JE HTTP/1.1" 200 1250
[21/Jul/2026 21:23:50] "GET /v1/public/trips/01KY38Z1ZPTMV9QS1846QRN3JE/seats HTTP/1.1" 200 495
[21/Jul/2026 21:23:50] "GET /health/live HTTP/1.1" 200 43
[21/Jul/2026 21:23:52] "POST /v1/public/trips/01KY38Z1ZPTMV9QS1846QRN3JE/seat-holds HTTP/1.1" 200 550
[21/Jul/2026 21:23:52] "POST /v1/public/bookings HTTP/1.1" 200 1914
[21/Jul/2026 21:25:22] "GET /v1/public/locations HTTP/1.1" 200 529
[21/Jul/2026 21:25:22] "GET /health/live HTTP/1.1" 200 43
[21/Jul/2026 21:25:24] "GET /v1/public/trips/01KY393ABXNCY23WQEBNP45M9B HTTP/1.1" 200 1250
[21/Jul/2026 21:25:24] "GET /v1/public/trips/01KY393ABXNCY23WQEBNP45M9B/seats HTTP/1.1" 200 495
[21/Jul/2026 21:25:24] "GET /health/live HTTP/1.1" 200 43
[21/Jul/2026 21:25:27] "GET /v1/public/trips/01KY393ABXNCY23WQEBNP45M9B HTTP/1.1" 200 1250
[21/Jul/2026 21:25:27] "GET /v1/public/trips/01KY393ABXNCY23WQEBNP45M9B/seats HTTP/1.1" 200 495
[21/Jul/2026 21:25:27] "GET /health/live HTTP/1.1" 200 43
[21/Jul/2026 21:25:29] "POST /v1/public/trips/01KY393ABXNCY23WQEBNP45M9B/seat-holds HTTP/1.1" 200 550
[21/Jul/2026 21:25:30] "POST /v1/public/bookings HTTP/1.1" 200 1914
[21/Jul/2026 21:26:18] "GET /health/ready HTTP/1.1" 200 73
/mnt/data/bus-final-work/repo/.venv/lib/python3.13/site-packages/jwt/api_jwt.py:368: InsecureKeyLengthWarning: The HMAC key is 28 bytes long, which is below the minimum recommended length of 32 bytes for SHA256. See RFC 7518 Section 3.2.
  decoded = self.decode_complete(
[21/Jul/2026 21:26:18] "POST /v1/platform/continuity/commands HTTP/1.1" 200 160
Service Unavailable: /health/ready
[21/Jul/2026 21:26:18] "GET /health/ready HTTP/1.1" 503 85
Service Unavailable: /v1/public/bookings/lookup
[21/Jul/2026 21:26:18] "POST /v1/public/bookings/lookup HTTP/1.1" 503 240
[21/Jul/2026 21:26:18] "POST /v1/platform/continuity/commands HTTP/1.1" 200 207
[21/Jul/2026 21:26:18] "POST /v1/platform/continuity/commands HTTP/1.1" 200 196
[21/Jul/2026 21:26:18] "GET /health/ready HTTP/1.1" 200 73
