System check identified some issues:

WARNINGS:
organizations.OfficeMembership: (models.W047) SQLite does not support unique constraints with nulls distinct.
	HINT: A constraint won't be created. Silence this warning if you don't care about it.
Operations to perform:
  Apply all migrations: auditlog, bookings, common, contenttypes, fleet, geography, identity, organizations, policies, trips
Running migrations:
  Applying identity.0001_initial... OK
  Applying auditlog.0001_initial... OK
  Applying organizations.0001_initial... OK
  Applying geography.0001_initial... OK
  Applying organizations.0002_verification_branches_and_payouts... OK
  Applying identity.0002_session_mfa_evidence... OK
  Applying fleet.0001_initial... OK
  Applying bookings.0001_initial... OK
  Applying trips.0001_initial... OK
  Applying bookings.0002_initial... OK
  Applying common.0001_initial... OK
  Applying contenttypes.0001_initial... OK
  Applying contenttypes.0002_remove_content_type_name... OK
  Applying policies.0001_initial... OK
  Applying trips.0002_seathold_ix_hold_expiry_and_more... OK
